{"/var/www/html/desafio-node/drizzle.config.ts": {"path":"/var/www/html/desafio-node/drizzle.config.ts","statementMap":{"0":{"start":{"line":4,"column":4},"end":{"line":6,"column":null}},"1":{"start":{"line":5,"column":8},"end":{"line":5,"column":null}}},"fnMap":{},"branchMap":{"0":{"loc":{"start":{"line":4,"column":4},"end":{"line":6,"column":null}},"type":"if","locations":[{"start":{"line":4,"column":4},"end":{"line":6,"column":null}},{"start":{},"end":{}}]}},"s":{"0":0,"1":0},"f":{},"b":{"0":[0,0]}}
,"/var/www/html/desafio-node/src/app.ts": {"path":"/var/www/html/desafio-node/src/app.ts","statementMap":{"0":{"start":{"line":17,"column":17},"end":{"line":27,"column":null}},"1":{"start":{"line":30,"column":0},"end":{"line":39,"column":null}},"2":{"start":{"line":40,"column":0},"end":{"line":42,"column":null}},"3":{"start":{"line":46,"column":0},"end":{"line":46,"column":null}},"4":{"start":{"line":49,"column":0},"end":{"line":49,"column":null}},"5":{"start":{"line":51,"column":0},"end":{"line":51,"column":null}},"6":{"start":{"line":52,"column":0},"end":{"line":52,"column":null}},"7":{"start":{"line":53,"column":0},"end":{"line":53,"column":null}},"8":{"start":{"line":54,"column":0},"end":{"line":54,"column":null}}},"fnMap":{},"branchMap":{},"s":{"0":4,"1":4,"2":4,"3":4,"4":4,"5":4,"6":4,"7":4,"8":4},"f":{},"b":{}}
,"/var/www/html/desafio-node/src/server.ts": {"path":"/var/www/html/desafio-node/src/server.ts","statementMap":{"0":{"start":{"line":4,"column":13},"end":{"line":4,"column":null}},"1":{"start":{"line":6,"column":0},"end":{"line":6,"column":null}},"2":{"start":{"line":6,"column":40},"end":{"line":6,"column":87}}},"fnMap":{"0":{"name":"(anonymous_0)","decl":{"start":{"line":6,"column":35},"end":{"line":6,"column":40}},"loc":{"start":{"line":6,"column":40},"end":{"line":6,"column":87}}}},"branchMap":{},"s":{"0":0,"1":0,"2":0},"f":{"0":0},"b":{}}
,"/var/www/html/desafio-node/src/database/client.ts": {"path":"/var/www/html/desafio-node/src/database/client.ts","statementMap":{"0":{"start":{"line":5,"column":18},"end":{"line":7,"column":null}}},"fnMap":{},"branchMap":{},"s":{"0":4},"f":{},"b":{}}
,"/var/www/html/desafio-node/src/database/schema.ts": {"path":"/var/www/html/desafio-node/src/database/schema.ts","statementMap":{"0":{"start":{"line":5,"column":29},"end":{"line":8,"column":null}},"1":{"start":{"line":10,"column":21},"end":{"line":16,"column":null}},"2":{"start":{"line":18,"column":25},"end":{"line":22,"column":null}},"3":{"start":{"line":24,"column":27},"end":{"line":34,"column":null}},"4":{"start":{"line":26,"column":46},"end":{"line":26,"column":54}},"5":{"start":{"line":27,"column":48},"end":{"line":27,"column":58}},"6":{"start":{"line":31,"column":10},"end":{"line":33,"column":null}}},"fnMap":{"0":{"name":"(anonymous_0)","decl":{"start":{"line":26,"column":41},"end":{"line":26,"column":46}},"loc":{"start":{"line":26,"column":46},"end":{"line":26,"column":54}}},"1":{"name":"(anonymous_1)","decl":{"start":{"line":27,"column":43},"end":{"line":27,"column":48}},"loc":{"start":{"line":27,"column":48},"end":{"line":27,"column":58}}},"2":{"name":"(anonymous_2)","decl":{"start":{"line":31,"column":1},"end":{"line":31,"column":10}},"loc":{"start":{"line":31,"column":10},"end":{"line":33,"column":null}}}},"branchMap":{},"s":{"0":4,"1":4,"2":4,"3":4,"4":0,"5":0,"6":0},"f":{"0":0,"1":0,"2":0},"b":{}}
,"/var/www/html/desafio-node/src/database/seed.ts": {"path":"/var/www/html/desafio-node/src/database/seed.ts","statementMap":{"0":{"start":{"line":8,"column":25},"end":{"line":8,"column":null}},"1":{"start":{"line":9,"column":24},"end":{"line":48,"column":null}},"2":{"start":{"line":50,"column":26},"end":{"line":53,"column":null}},"3":{"start":{"line":56,"column":4},"end":{"line":62,"column":null}},"4":{"start":{"line":65,"column":0},"end":{"line":65,"column":null}}},"fnMap":{"0":{"name":"seed","decl":{"start":{"line":7,"column":15},"end":{"line":7,"column":21}},"loc":{"start":{"line":7,"column":21},"end":{"line":63,"column":null}}}},"branchMap":{},"s":{"0":0,"1":0,"2":0,"3":0,"4":0},"f":{"0":0},"b":{}}
,"/var/www/html/desafio-node/src/routes/create-courses.ts": {"path":"/var/www/html/desafio-node/src/routes/create-courses.ts","statementMap":{"0":{"start":{"line":6,"column":57},"end":{"line":28,"column":null}},"1":{"start":{"line":7,"column":4},"end":{"line":27,"column":null}},"2":{"start":{"line":22,"column":25},"end":{"line":22,"column":null}},"3":{"start":{"line":23,"column":32},"end":{"line":23,"column":null}},"4":{"start":{"line":24,"column":35},"end":{"line":24,"column":null}},"5":{"start":{"line":25,"column":24},"end":{"line":25,"column":null}}},"fnMap":{"0":{"name":"(anonymous_0)","decl":{"start":{"line":6,"column":57},"end":{"line":6,"column":64}},"loc":{"start":{"line":6,"column":76},"end":{"line":28,"column":null}}},"1":{"name":"(anonymous_1)","decl":{"start":{"line":21,"column":4},"end":{"line":21,"column":13}},"loc":{"start":{"line":21,"column":32},"end":{"line":27,"column":5}}}},"branchMap":{},"s":{"0":4,"1":4,"2":1,"3":1,"4":1,"5":1},"f":{"0":4,"1":1},"b":{}}
,"/var/www/html/desafio-node/src/routes/get-course-by-id.ts": {"path":"/var/www/html/desafio-node/src/routes/get-course-by-id.ts","statementMap":{"0":{"start":{"line":7,"column":57},"end":{"line":38,"column":null}},"1":{"start":{"line":8,"column":1},"end":{"line":37,"column":null}},"2":{"start":{"line":29,"column":23},"end":{"line":29,"column":null}},"3":{"start":{"line":30,"column":20},"end":{"line":30,"column":null}},"4":{"start":{"line":32,"column":14},"end":{"line":34,"column":null}},"5":{"start":{"line":33,"column":19},"end":{"line":33,"column":null}},"6":{"start":{"line":36,"column":15},"end":{"line":36,"column":null}}},"fnMap":{"0":{"name":"(anonymous_0)","decl":{"start":{"line":7,"column":57},"end":{"line":7,"column":64}},"loc":{"start":{"line":7,"column":76},"end":{"line":38,"column":null}}},"1":{"name":"(anonymous_1)","decl":{"start":{"line":27,"column":2},"end":{"line":27,"column":10}},"loc":{"start":{"line":27,"column":28},"end":{"line":37,"column":2}}}},"branchMap":{"0":{"loc":{"start":{"line":32,"column":14},"end":{"line":34,"column":null}},"type":"if","locations":[{"start":{"line":32,"column":14},"end":{"line":34,"column":null}},{"start":{},"end":{}}]}},"s":{"0":4,"1":4,"2":2,"3":2,"4":2,"5":1,"6":1},"f":{"0":4,"1":2},"b":{"0":[1,1]}}
,"/var/www/html/desafio-node/src/routes/get-courses.ts": {"path":"/var/www/html/desafio-node/src/routes/get-courses.ts","statementMap":{"0":{"start":{"line":7,"column":54},"end":{"line":65,"column":null}},"1":{"start":{"line":8,"column":4},"end":{"line":64,"column":null}},"2":{"start":{"line":35,"column":46},"end":{"line":35,"column":null}},"3":{"start":{"line":37,"column":37},"end":{"line":37,"column":null}},"4":{"start":{"line":39,"column":12},"end":{"line":41,"column":null}},"5":{"start":{"line":40,"column":16},"end":{"line":40,"column":null}},"6":{"start":{"line":43,"column":40},"end":{"line":59,"column":null}},"7":{"start":{"line":63,"column":12},"end":{"line":63,"column":null}}},"fnMap":{"0":{"name":"(anonymous_0)","decl":{"start":{"line":7,"column":54},"end":{"line":7,"column":61}},"loc":{"start":{"line":7,"column":73},"end":{"line":65,"column":null}}},"1":{"name":"(anonymous_1)","decl":{"start":{"line":33,"column":9},"end":{"line":33,"column":18}},"loc":{"start":{"line":33,"column":36},"end":{"line":64,"column":5}}}},"branchMap":{"0":{"loc":{"start":{"line":39,"column":12},"end":{"line":41,"column":null}},"type":"if","locations":[{"start":{"line":39,"column":12},"end":{"line":41,"column":null}},{"start":{},"end":{}}]}},"s":{"0":4,"1":4,"2":1,"3":1,"4":1,"5":1,"6":1,"7":1},"f":{"0":4,"1":1},"b":{"0":[1,0]}}
,"/var/www/html/desafio-node/src/routes/login.ts": {"path":"/var/www/html/desafio-node/src/routes/login.ts","statementMap":{"0":{"start":{"line":8,"column":50},"end":{"line":48,"column":null}},"1":{"start":{"line":9,"column":4},"end":{"line":47,"column":null}},"2":{"start":{"line":26,"column":40},"end":{"line":26,"column":null}},"3":{"start":{"line":28,"column":27},"end":{"line":28,"column":null}},"4":{"start":{"line":30,"column":12},"end":{"line":32,"column":null}},"5":{"start":{"line":31,"column":16},"end":{"line":31,"column":null}},"6":{"start":{"line":34,"column":25},"end":{"line":34,"column":null}},"7":{"start":{"line":36,"column":39},"end":{"line":36,"column":null}},"8":{"start":{"line":38,"column":16},"end":{"line":40,"column":null}},"9":{"start":{"line":39,"column":20},"end":{"line":39,"column":null}},"10":{"start":{"line":44,"column":16},"end":{"line":44,"column":null}}},"fnMap":{"0":{"name":"(anonymous_0)","decl":{"start":{"line":8,"column":50},"end":{"line":8,"column":57}},"loc":{"start":{"line":8,"column":69},"end":{"line":48,"column":null}}},"1":{"name":"(anonymous_1)","decl":{"start":{"line":25,"column":4},"end":{"line":25,"column":13}},"loc":{"start":{"line":25,"column":32},"end":{"line":47,"column":5}}}},"branchMap":{"0":{"loc":{"start":{"line":30,"column":12},"end":{"line":32,"column":null}},"type":"if","locations":[{"start":{"line":30,"column":12},"end":{"line":32,"column":null}},{"start":{},"end":{}}]},"1":{"loc":{"start":{"line":38,"column":16},"end":{"line":40,"column":null}},"type":"if","locations":[{"start":{"line":38,"column":16},"end":{"line":40,"column":null}},{"start":{},"end":{}}]}},"s":{"0":4,"1":4,"2":1,"3":1,"4":1,"5":0,"6":1,"7":1,"8":1,"9":0,"10":1},"f":{"0":4,"1":1},"b":{"0":[0,1],"1":[0,1]}}
,"/var/www/html/desafio-node/src/tests/factories/make-course.ts": {"path":"/var/www/html/desafio-node/src/tests/factories/make-course.ts","statementMap":{"0":{"start":{"line":6,"column":19},"end":{"line":9,"column":null}},"1":{"start":{"line":11,"column":4},"end":{"line":11,"column":null}}},"fnMap":{"0":{"name":"makeCourse","decl":{"start":{"line":5,"column":22},"end":{"line":5,"column":33}},"loc":{"start":{"line":5,"column":48},"end":{"line":12,"column":null}}}},"branchMap":{"0":{"loc":{"start":{"line":7,"column":15},"end":{"line":7,"column":null}},"type":"binary-expr","locations":[{"start":{"line":7,"column":15},"end":{"line":7,"column":24}},{"start":{"line":7,"column":24},"end":{"line":7,"column":null}}]}},"s":{"0":2,"1":2},"f":{"0":2},"b":{"0":[2,1]}}
,"/var/www/html/desafio-node/src/tests/factories/make-user.ts": {"path":"/var/www/html/desafio-node/src/tests/factories/make-user.ts","statementMap":{"0":{"start":{"line":10,"column":31},"end":{"line":10,"column":null}},"1":{"start":{"line":12,"column":19},"end":{"line":16,"column":null}},"2":{"start":{"line":18,"column":4},"end":{"line":21,"column":null}}},"fnMap":{"0":{"name":"makeUser","decl":{"start":{"line":8,"column":22},"end":{"line":8,"column":33}},"loc":{"start":{"line":8,"column":33},"end":{"line":22,"column":null}}}},"branchMap":{},"s":{"0":1,"1":1,"2":1},"f":{"0":1},"b":{}}
}
